
SQL*Loader: Release 9.2.0.6.0 - Production on Thu Mar 27 16:29:53 2008

Copyright (c) 1982, 2002, Oracle Corporation.  All rights reserved.

Control File:   carga_data_fono_free1.txt
Data File:      DATA1.TXT
  Bad File:     DATA1.bad
  Discard File:  none specified
 
 (Allow all discards)

Number to load: ALL
Number to skip: 0
Errors allowed: 50
Bind array:     64 rows, maximum of 256000 bytes
Continuation:    none specified
Path used:      Conventional

Table X_DATA_FONO_FREE, loaded from every logical record.
Insert option in effect for this table: APPEND

   Column Name                  Position   Len  Term Encl Datatype
------------------------------ ---------- ----- ---- ---- ---------------------
SEG1                                FIRST     *   ;       CHARACTER            
TLF_A                                NEXT     *   ;       CHARACTER            
TLF_B                                NEXT     *   ;       CHARACTER            
FECHA                                NEXT     *   ;       CHARACTER            
HORA                                 NEXT     *   ;       CHARACTER            
SEG2                                 NEXT     *   ;       CHARACTER            
NOMBRE_ARCHIVO                       NEXT     *   ;       CHARACTER            


Table X_DATA_FONO_FREE:
  126 Rows successfully loaded.
  0 Rows not loaded due to data errors.
  0 Rows not loaded because all WHEN clauses were failed.
  0 Rows not loaded because all fields were null.


Space allocated for bind array:                 115584 bytes(64 rows)
Read   buffer bytes: 1048576

Total logical records skipped:          0
Total logical records read:           126
Total logical records rejected:         0
Total logical records discarded:        0

Run began on Thu Mar 27 16:29:53 2008
Run ended on Thu Mar 27 16:29:54 2008

Elapsed time was:     00:00:00.15
CPU time was:         00:00:00.04
